<?xml version="1.0" encoding="UTF-8"?>
<testng-results skipped="0" failed="0" ignored="0" total="1" passed="1">
  <reporter-output>
  </reporter-output>
  <suite name="Default suite" duration-ms="261" started-at="2021-10-11T09:06:39Z" finished-at="2021-10-11T09:06:39Z">
    <groups>
    </groups>
    <test name="Default test" duration-ms="261" started-at="2021-10-11T09:06:39Z" finished-at="2021-10-11T09:06:39Z">
      <class name="com.testcases.LoginTest">
        <test-method status="PASS" signature="setup()[pri:0, instance:com.testcases.LoginTest@161479c6]" name="setup" is-config="true" duration-ms="5685" started-at="2021-10-11T09:06:33Z" finished-at="2021-10-11T09:06:39Z">
          <reporter-output>
          </reporter-output>
        </test-method> <!-- setup -->
        <test-method status="PASS" signature="test1()[pri:0, instance:com.testcases.LoginTest@161479c6]" name="test1" duration-ms="47" started-at="2021-10-11T09:06:39Z" finished-at="2021-10-11T09:06:39Z">
          <reporter-output>
          </reporter-output>
        </test-method> <!-- test1 -->
      </class> <!-- com.testcases.LoginTest -->
    </test> <!-- Default test -->
  </suite> <!-- Default suite -->
</testng-results>
